<?xml version="1.0" encoding="UTF-8"?>
<coverage generated="1591789881">
  <project timestamp="1591789881">
    <file name="/home/narkon/Workspace/landingi/code-quality-tools/src/Console/CoverageValidatorCommand.php">
      <class name="Landingi\QualityTools\Console\CoverageValidatorCommand"
             namespace="Landingi\QualityTools\Console">
        <metrics complexity="7" methods="2" coveredmethods="0" conditionals="0" coveredconditionals="0"
                 statements="42" coveredstatements="0" elements="44" coveredelements="0"/>
      </class>
      <line num="19" type="method" name="configure" visibility="protected" complexity="1" crap="2" count="0"/>
      <line num="20" type="stmt" count="0"/>
      <line num="21" type="stmt" count="0"/>
      <line num="22" type="stmt" count="0"/>
      <line num="23" type="stmt" count="0"/>
      <line num="25" type="stmt" count="0"/>
      <line num="26" type="stmt" count="0"/>
      <line num="27" type="stmt" count="0"/>
      <line num="28" type="stmt" count="0"/>
      <line num="29" type="stmt" count="0"/>
      <line num="30" type="stmt" count="0"/>
      <line num="31" type="stmt" count="0"/>
      <line num="32" type="stmt" count="0"/>
      <line num="33" type="stmt" count="0"/>
      <line num="34" type="stmt" count="0"/>
      <line num="35" type="stmt" count="0"/>
      <line num="36" type="stmt" count="0"/>
      <line num="37" type="stmt" count="0"/>
      <line num="39" type="method" name="execute" visibility="protected" complexity="6" crap="42" count="0"/>
      <line num="40" type="stmt" count="0"/>
      <line num="41" type="stmt" count="0"/>
      <line num="43" type="stmt" count="0"/>
      <line num="44" type="stmt" count="0"/>
      <line num="45" type="stmt" count="0"/>
      <line num="47" type="stmt" count="0"/>
      <line num="48" type="stmt" count="0"/>
      <line num="50" type="stmt" count="0"/>
      <line num="51" type="stmt" count="0"/>
      <line num="53" type="stmt" count="0"/>
      <line num="54" type="stmt" count="0"/>
      <line num="56" type="stmt" count="0"/>
      <line num="57" type="stmt" count="0"/>
      <line num="58" type="stmt" count="0"/>
      <line num="59" type="stmt" count="0"/>
      <line num="61" type="stmt" count="0"/>
      <line num="62" type="stmt" count="0"/>
      <line num="63" type="stmt" count="0"/>
      <line num="64" type="stmt" count="0"/>
      <line num="66" type="stmt" count="0"/>
      <line num="67" type="stmt" count="0"/>
      <line num="68" type="stmt" count="0"/>
      <line num="70" type="stmt" count="0"/>
      <line num="72" type="stmt" count="0"/>
      <line num="73" type="stmt" count="0"/>
      <metrics loc="74" ncloc="74" classes="1" methods="2" coveredmethods="0" conditionals="0"
               coveredconditionals="0" statements="42" coveredstatements="0" elements="44" coveredelements="0"/>
    </file>
    <file name="/home/narkon/Workspace/landingi/code-quality-tools/src/Coverage/CoverageProcessor.php">
      <metrics loc="8" ncloc="8" classes="0" methods="0" coveredmethods="0" conditionals="0"
               coveredconditionals="0" statements="0" coveredstatements="0" elements="0" coveredelements="0"/>
    </file>
    <file name="/home/narkon/Workspace/landingi/code-quality-tools/src/Coverage/CoverageReport.php">
      <class name="Landingi\QualityTools\Coverage\CoverageReport" namespace="Landingi\QualityTools\Coverage">
        <metrics complexity="0" methods="0" coveredmethods="0" conditionals="0" coveredconditionals="0"
                 statements="0" coveredstatements="0" elements="0" coveredelements="0"/>
      </class>
      <metrics loc="8" ncloc="8" classes="0" methods="0" coveredmethods="0" conditionals="0"
               coveredconditionals="0" statements="0" coveredstatements="0" elements="0" coveredelements="0"/>
    </file>
    <file name="/home/narkon/Workspace/landingi/code-quality-tools/src/Coverage/CrapIndexValidator.php">
      <class name="Landingi\QualityTools\Coverage\CrapIndexValidator" namespace="Landingi\QualityTools\Coverage">
        <metrics complexity="2" methods="2" coveredmethods="0" conditionals="0" coveredconditionals="0"
                 statements="9" coveredstatements="0" elements="11" coveredelements="0"/>
      </class>
      <line num="12" type="method" name="__construct" visibility="public" complexity="1" crap="2" count="0"/>
      <line num="13" type="stmt" count="0"/>
      <line num="14" type="stmt" count="0"/>
      <line num="15" type="stmt" count="0"/>
      <line num="17" type="method" name="validate" visibility="public" complexity="1" crap="2" count="0"/>
      <line num="18" type="stmt" count="0"/>
      <line num="19" type="stmt" count="0"/>
      <line num="23" type="stmt" count="0"/>
      <line num="24" type="stmt" count="0"/>
      <line num="25" type="stmt" count="0"/>
      <line num="26" type="stmt" count="0"/>
      <metrics loc="27" ncloc="27" classes="1" methods="2" coveredmethods="0" conditionals="0"
               coveredconditionals="0" statements="9" coveredstatements="0" elements="11" coveredelements="0"/>
    </file>
    <file name="/home/narkon/Workspace/landingi/code-quality-tools/src/Coverage/CoverageValidator.php">
      <metrics loc="10" ncloc="10" classes="0" methods="0" coveredmethods="0" conditionals="0"
               coveredconditionals="0" statements="0" coveredstatements="0" elements="0" coveredelements="0"/>
    </file>
    <file name="/home/narkon/Workspace/landingi/code-quality-tools/src/Coverage/Result/CoverageResult.php">
      <class name="Landingi\QualityTools\Coverage\Result\CoverageResult"
             namespace="Landingi\QualityTools\Coverage\Result">
        <metrics complexity="5" methods="5" coveredmethods="0" conditionals="0" coveredconditionals="0"
                 statements="16" coveredstatements="0" elements="21" coveredelements="0"/>
      </class>
      <line num="12" type="method" name="__construct" visibility="public" complexity="1" crap="2" count="0"/>
      <line num="13" type="stmt" count="0"/>
      <line num="14" type="stmt" count="0"/>
      <line num="15" type="stmt" count="0"/>
      <line num="16" type="stmt" count="0"/>
      <line num="18" type="method" name="getErrors" visibility="public" complexity="1" crap="2" count="0"/>
      <line num="19" type="stmt" count="0"/>
      <line num="20" type="stmt" count="0"/>
      <line num="21" type="stmt" count="0"/>
      <line num="23" type="method" name="hasErrors" visibility="public" complexity="1" crap="2" count="0"/>
      <line num="24" type="stmt" count="0"/>
      <line num="25" type="stmt" count="0"/>
      <line num="26" type="stmt" count="0"/>
      <line num="28" type="method" name="hasSucceeded" visibility="public" complexity="1" crap="2" count="0"/>
      <line num="29" type="stmt" count="0"/>
      <line num="30" type="stmt" count="0"/>
      <line num="31" type="stmt" count="0"/>
      <line num="33" type="method" name="hasFailed" visibility="public" complexity="1" crap="2" count="0"/>
      <line num="34" type="stmt" count="0"/>
      <line num="35" type="stmt" count="0"/>
      <line num="36" type="stmt" count="0"/>
      <metrics loc="37" ncloc="37" classes="1" methods="5" coveredmethods="0" conditionals="0"
               coveredconditionals="0" statements="16" coveredstatements="0" elements="21" coveredelements="0"/>
    </file>
    <file name="/home/narkon/Workspace/landingi/code-quality-tools/src/Coverage/Result/CoverageResultBuilder.php">
      <class name="Landingi\QualityTools\Coverage\Result\CoverageResultBuilder"
             namespace="Landingi\QualityTools\Coverage\Result">
        <metrics complexity="7" methods="7" coveredmethods="0" conditionals="0" coveredconditionals="0"
                 statements="27" coveredstatements="0" elements="34" coveredelements="0"/>
      </class>
      <line num="12" type="method" name="__construct" visibility="public" complexity="1" crap="2" count="0"/>
      <line num="13" type="stmt" count="0"/>
      <line num="14" type="stmt" count="0"/>
      <line num="15" type="stmt" count="0"/>
      <line num="16" type="stmt" count="0"/>
      <line num="18" type="method" name="succeeded" visibility="public" complexity="1" crap="2" count="0"/>
      <line num="19" type="stmt" count="0"/>
      <line num="20" type="stmt" count="0"/>
      <line num="22" type="stmt" count="0"/>
      <line num="23" type="stmt" count="0"/>
      <line num="25" type="method" name="failed" visibility="public" complexity="1" crap="2" count="0"/>
      <line num="26" type="stmt" count="0"/>
      <line num="27" type="stmt" count="0"/>
      <line num="29" type="stmt" count="0"/>
      <line num="30" type="stmt" count="0"/>
      <line num="32" type="method" name="setResultStatus" visibility="public" complexity="1" crap="2" count="0"/>
      <line num="33" type="stmt" count="0"/>
      <line num="34" type="stmt" count="0"/>
      <line num="36" type="stmt" count="0"/>
      <line num="37" type="stmt" count="0"/>
      <line num="39" type="method" name="addError" visibility="public" complexity="1" crap="2" count="0"/>
      <line num="40" type="stmt" count="0"/>
      <line num="41" type="stmt" count="0"/>
      <line num="43" type="stmt" count="0"/>
      <line num="44" type="stmt" count="0"/>
      <line num="46" type="method" name="setErrors" visibility="public" complexity="1" crap="2" count="0"/>
      <line num="47" type="stmt" count="0"/>
      <line num="48" type="stmt" count="0"/>
      <line num="50" type="stmt" count="0"/>
      <line num="51" type="stmt" count="0"/>
      <line num="53" type="method" name="build" visibility="public" complexity="1" crap="2" count="0"/>
      <line num="54" type="stmt" count="0"/>
      <line num="55" type="stmt" count="0"/>
      <line num="56" type="stmt" count="0"/>
      <metrics loc="57" ncloc="57" classes="1" methods="7" coveredmethods="0" conditionals="0"
               coveredconditionals="0" statements="27" coveredstatements="0" elements="34" coveredelements="0"/>
    </file>
    <file name="/home/narkon/Workspace/landingi/code-quality-tools/src/Coverage/Test/CrappyTestObject.php">
      <class name="Landingi\QualityTools\Coverage\Test\CrappyTestObject"
             namespace="Landingi\QualityTools\Coverage\Test">
        <metrics complexity="7" methods="2" coveredmethods="0" conditionals="0" coveredconditionals="0"
                 statements="39" coveredstatements="0" elements="41" coveredelements="0"/>
      </class>
      <line num="16" type="method" name="__construct" visibility="public" complexity="1" crap="2" count="0"/>
      <line num="17" type="stmt" count="0"/>
      <line num="18" type="stmt" count="0"/>
      <line num="19" type="stmt" count="0"/>
      <line num="20" type="stmt" count="0"/>
      <line num="21" type="stmt" count="0"/>
      <line num="22" type="stmt" count="0"/>
      <line num="23" type="stmt" count="0"/>
      <line num="25" type="method" name="executeCrappyCode" visibility="public" complexity="6" crap="42"
            count="0"/>
      <line num="26" type="stmt" count="0"/>
      <line num="27" type="stmt" count="0"/>
      <line num="28" type="stmt" count="0"/>
      <line num="29" type="stmt" count="0"/>
      <line num="30" type="stmt" count="0"/>
      <line num="32" type="stmt" count="0"/>
      <line num="33" type="stmt" count="0"/>
      <line num="34" type="stmt" count="0"/>
      <line num="35" type="stmt" count="0"/>
      <line num="36" type="stmt" count="0"/>
      <line num="37" type="stmt" count="0"/>
      <line num="38" type="stmt" count="0"/>
      <line num="39" type="stmt" count="0"/>
      <line num="40" type="stmt" count="0"/>
      <line num="41" type="stmt" count="0"/>
      <line num="42" type="stmt" count="0"/>
      <line num="43" type="stmt" count="0"/>
      <line num="44" type="stmt" count="0"/>
      <line num="45" type="stmt" count="0"/>
      <line num="46" type="stmt" count="0"/>
      <line num="47" type="stmt" count="0"/>
      <line num="48" type="stmt" count="0"/>
      <line num="49" type="stmt" count="0"/>
      <line num="51" type="stmt" count="0"/>
      <line num="52" type="stmt" count="0"/>
      <line num="53" type="stmt" count="0"/>
      <line num="54" type="stmt" count="0"/>
      <line num="55" type="stmt" count="0"/>
      <line num="56" type="stmt" count="0"/>
      <line num="57" type="stmt" count="0"/>
      <line num="58" type="stmt" count="0"/>
      <line num="59" type="stmt" count="0"/>
      <metrics loc="60" ncloc="57" classes="1" methods="2" coveredmethods="0" conditionals="0"
               coveredconditionals="0" statements="39" coveredstatements="0" elements="41" coveredelements="0"/>
    </file>
    <file name="/home/narkon/Workspace/landingi/code-quality-tools/src/Result/Result.php">
      <metrics loc="9" ncloc="9" classes="0" methods="0" coveredmethods="0" conditionals="0"
               coveredconditionals="0" statements="0" coveredstatements="0" elements="0" coveredelements="0"/>
    </file>
    <file name="/home/narkon/Workspace/landingi/code-quality-tools/src/Result/ResultBuilder.php">
      <metrics loc="11" ncloc="11" classes="0" methods="0" coveredmethods="0" conditionals="0"
               coveredconditionals="0" statements="0" coveredstatements="0" elements="0" coveredelements="0"/>
    </file>
    <metrics files="10" loc="301" ncloc="298" classes="5" methods="18" coveredmethods="0" conditionals="0"
             coveredconditionals="0" statements="133" coveredstatements="0" elements="151" coveredelements="0"/>
  </project>
</coverage>
